Performing C SOURCE FILE Test CMAKE_HAVE_LIBC_PTHREAD failed with the following output:
Change Dir: /home/rimon/project4-7/build/CMakeFiles/CMakeTmp

Run Build Command(s):/usr/bin/make cmTC_c8851/fast && /usr/bin/make  -f CMakeFiles/cmTC_c8851.dir/build.make CMakeFiles/cmTC_c8851.dir/build
make[1]: Entering directory '/home/rimon/project4-7/build/CMakeFiles/CMakeTmp'
Building C object CMakeFiles/cmTC_c8851.dir/src.c.o
/usr/bin/x86_64-linux-gnu-gcc-7 -DCMAKE_HAVE_LIBC_PTHREAD   -o CMakeFiles/cmTC_c8851.dir/src.c.o -c /home/rimon/project4-7/build/CMakeFiles/CMakeTmp/src.c
Linking C executable cmTC_c8851
/home/rimon/.local/bin/cmake -E cmake_link_script CMakeFiles/cmTC_c8851.dir/link.txt --verbose=1
/usr/bin/x86_64-linux-gnu-gcc-7 CMakeFiles/cmTC_c8851.dir/src.c.o -o cmTC_c8851 
CMakeFiles/cmTC_c8851.dir/src.c.o: In function `main':
src.c:(.text+0x3e): undefined reference to `pthread_create'
src.c:(.text+0x4a): undefined reference to `pthread_detach'
src.c:(.text+0x56): undefined reference to `pthread_cancel'
src.c:(.text+0x67): undefined reference to `pthread_join'
src.c:(.text+0x7b): undefined reference to `pthread_atfork'
collect2: error: ld returned 1 exit status
CMakeFiles/cmTC_c8851.dir/build.make:105: recipe for target 'cmTC_c8851' failed
make[1]: *** [cmTC_c8851] Error 1
make[1]: Leaving directory '/home/rimon/project4-7/build/CMakeFiles/CMakeTmp'
Makefile:140: recipe for target 'cmTC_c8851/fast' failed
make: *** [cmTC_c8851/fast] Error 2


Source file was:
#include <pthread.h>

static void* test_func(void* data)
{
  return data;
}

int main(void)
{
  pthread_t thread;
  pthread_create(&thread, NULL, test_func, NULL);
  pthread_detach(thread);
  pthread_cancel(thread);
  pthread_join(thread, NULL);
  pthread_atfork(NULL, NULL, NULL);
  pthread_exit(NULL);

  return 0;
}

Determining if the function pthread_create exists in the pthreads failed with the following output:
Change Dir: /home/rimon/project4-7/build/CMakeFiles/CMakeTmp

Run Build Command(s):/usr/bin/make cmTC_c4195/fast && /usr/bin/make  -f CMakeFiles/cmTC_c4195.dir/build.make CMakeFiles/cmTC_c4195.dir/build
make[1]: Entering directory '/home/rimon/project4-7/build/CMakeFiles/CMakeTmp'
Building C object CMakeFiles/cmTC_c4195.dir/CheckFunctionExists.c.o
/usr/bin/x86_64-linux-gnu-gcc-7   -DCHECK_FUNCTION_EXISTS=pthread_create -o CMakeFiles/cmTC_c4195.dir/CheckFunctionExists.c.o -c /home/rimon/.local/share/cmake-3.19/Modules/CheckFunctionExists.c
Linking C executable cmTC_c4195
/home/rimon/.local/bin/cmake -E cmake_link_script CMakeFiles/cmTC_c4195.dir/link.txt --verbose=1
/usr/bin/x86_64-linux-gnu-gcc-7  -DCHECK_FUNCTION_EXISTS=pthread_create CMakeFiles/cmTC_c4195.dir/CheckFunctionExists.c.o -o cmTC_c4195  -lpthreads 
/usr/bin/ld: cannot find -lpthreads
collect2: error: ld returned 1 exit status
CMakeFiles/cmTC_c4195.dir/build.make:105: recipe for target 'cmTC_c4195' failed
make[1]: *** [cmTC_c4195] Error 1
make[1]: Leaving directory '/home/rimon/project4-7/build/CMakeFiles/CMakeTmp'
Makefile:140: recipe for target 'cmTC_c4195/fast' failed
make: *** [cmTC_c4195/fast] Error 2



